<?xml version="1.0" encoding="UTF-8"?>
<!-- Generated by org.testng.reporters.JUnitXMLReporter -->
<testsuite hostname="aman-PC" ignored="0" name="Surefire test" tests="6" failures="0" timestamp="09 May 2019 04:46:27 GMT" time="0.111" errors="0">
  <testcase name="androidApp" time="0.026" classname="qaclickacademy.AppiumTest"/>
  <testcase name="iosApps" time="0.0" classname="qaclickacademy.AppiumTest"/>
  <testcase name="deleteTwitterTest" time="0.001" classname="qaclickacademy.RestAPITest"/>
  <testcase name="jiraTest" time="0.0" classname="qaclickacademy.RestAPITest"/>
  <testcase name="browserAutomation" time="0.0" classname="qaclickacademy.SeleniumTest"/>
  <testcase name="elementsUI" time="0.0" classname="qaclickacademy.SeleniumTest"/>
</testsuite> <!-- Surefire test -->
