<?xml version="1.0" encoding="UTF-8"?>
<!-- Generated by org.testng.reporters.JUnitXMLReporter -->
<testsuite hostname="aman-PC" ignored="0" name="Test" tests="4" failures="0" timestamp="28 May 2019 01:56:56 GMT" time="0.094" errors="0">
  <testcase name="browserAutomation" time="0.015" classname="qaclickacademy.SeleniumTest"/>
  <testcase name="elementsUI" time="0.0" classname="qaclickacademy.SeleniumTest"/>
  <testcase name="deleteTwitterTest" time="0.0" classname="qaclickacademy.RestAPITest"/>
  <testcase name="jiraTest" time="0.0" classname="qaclickacademy.RestAPITest"/>
</testsuite> <!-- Test -->
